This file contains any messages produced by compilers while
running configure, to aid debugging if configure makes a mistake.

It was created by libexpreval configure version-0.1, which was
generated by GNU Autoconf 2.69.  Invocation command line was

  $ ./configure --host=aarch64-linux-android

## --------- ##
## Platform. ##
## --------- ##

hostname = asus1618
uname -m = x86_64
uname -r = 4.13.7-1-ARCH
uname -s = Linux
uname -v = #1 SMP PREEMPT Sat Oct 14 20:13:26 CEST 2017

/usr/bin/uname -p = unknown
/bin/uname -X     = unknown

/bin/arch              = unknown
/usr/bin/arch -k       = unknown
/usr/convex/getsysinfo = unknown
/usr/bin/hostinfo      = unknown
/bin/machine           = unknown
/usr/bin/oslevel       = unknown
/bin/universe          = unknown

PATH: /usr/local/sbin
PATH: /usr/local/bin
PATH: /usr/bin
PATH: /usr/lib/emscripten
PATH: /usr/lib/jvm/default/bin
PATH: /usr/bin/site_perl
PATH: /usr/bin/vendor_perl
PATH: /usr/bin/core_perl


## ----------- ##
## Core tests. ##
## ----------- ##

configure:2194: checking for a BSD-compatible install
configure:2262: result: /usr/bin/install -c
configure:2273: checking whether build environment is sane
configure:2328: result: yes
configure:2387: checking for aarch64-linux-android-strip
configure:2417: result: no
configure:2427: checking for strip
configure:2443: found /usr/bin/strip
configure:2454: result: strip
configure:2479: checking for a thread-safe mkdir -p
configure:2518: result: /usr/bin/mkdir -p
configure:2525: checking for gawk
configure:2541: found /usr/bin/gawk
configure:2552: result: gawk
configure:2563: checking whether make sets $(MAKE)
configure:2585: result: yes
configure:2614: checking whether make supports nested variables
configure:2631: result: yes
configure:2761: checking for aarch64-linux-android-ranlib
configure:2791: result: no
configure:2801: checking for ranlib
configure:2817: found /usr/bin/ranlib
configure:2828: result: ranlib
configure:2866: checking for aarch64-linux-android-gcc
configure:2893: result: /opt/androidcc64/bin/aarch64-linux-android-gcc
configure:3162: checking for C compiler version
configure:3171: /opt/androidcc64/bin/aarch64-linux-android-gcc --version >&5
aarch64-linux-android-gcc (GCC) 4.9.x 20150123 (prerelease)
Copyright (C) 2014 Free Software Foundation, Inc.
This is free software; see the source for copying conditions.  There is NO
warranty; not even for MERCHANTABILITY or FITNESS FOR A PARTICULAR PURPOSE.

configure:3182: $? = 0
configure:3171: /opt/androidcc64/bin/aarch64-linux-android-gcc -v >&5
Using built-in specs.
COLLECT_GCC=/opt/androidcc64/bin/aarch64-linux-android-gcc
COLLECT_LTO_WRAPPER=/opt/androidcc64/bin/../libexec/gcc/aarch64-linux-android/4.9.x/lto-wrapper
Target: aarch64-linux-android
Configured with: /usr/local/google/buildbot/src/android/gcc/toolchain/build/../gcc/gcc-4.9/configure --prefix=/tmp/8ee0b8157b3409c4b84fff35696d6c90 --target=aarch64-linux-android --host=x86_64-linux-gnu --build=x86_64-linux-gnu --with-gnu-as --with-gnu-ld --enable-languages=c,c++ --with-gmp=/buildbot/tmp/build/toolchain/temp-install --with-mpfr=/buildbot/tmp/build/toolchain/temp-install --with-mpc=/buildbot/tmp/build/toolchain/temp-install --with-cloog=/buildbot/tmp/build/toolchain/temp-install --with-isl=/buildbot/tmp/build/toolchain/temp-install --with-ppl=/buildbot/tmp/build/toolchain/temp-install --disable-ppl-version-check --disable-cloog-version-check --disable-isl-version-check --enable-cloog-backend=isl --with-host-libstdcxx='-static-libgcc -Wl,-Bstatic,-lstdc++,-Bdynamic -lm' --disable-libssp --enable-threads --disable-nls --disable-libmudflap --disable-libgomp --disable-libstdc__-v3 --disable-sjlj-exceptions --disable-shared --disable-tls --disable-libitm --enable-bionic-libs --enable-libatomic-ifuncs=no --enable-initfini-array --disable-nls --prefix=/tmp/8ee0b8157b3409c4b84fff35696d6c90 --with-sysroot=/tmp/8ee0b8157b3409c4b84fff35696d6c90/sysroot --with-binutils-version=2.25 --with-mpfr-version=3.1.1 --with-mpc-version=1.0.1 --with-gmp-version=5.0.5 --with-gcc-version=4.9 --with-gdb-version=none --with-gxx-include-dir=/tmp/8ee0b8157b3409c4b84fff35696d6c90/include/c++/4.9.x --with-bugurl=http://source.android.com/source/report-bugs.html --enable-languages=c,c++ --disable-bootstrap --enable-plugins --enable-libgomp --enable-gnu-indirect-function --disable-libsanitizer --enable-gold --enable-ld=default --enable-threads --enable-eh-frame-hdr-for-static --enable-fix-cortex-a53-835769 --enable-graphite=yes --with-isl-version=0.11.1 --with-cloog-version=0.18.0 --program-transform-name='s&^&aarch64-linux-android-&' --enable-gold
Thread model: posix
gcc version 4.9.x 20150123 (prerelease) (GCC) 
configure:3182: $? = 0
configure:3171: /opt/androidcc64/bin/aarch64-linux-android-gcc -V >&5
aarch64-linux-android-gcc: error: unrecognized command line option '-V'
aarch64-linux-android-gcc: fatal error: no input files
compilation terminated.
configure:3182: $? = 1
configure:3171: /opt/androidcc64/bin/aarch64-linux-android-gcc -qversion >&5
aarch64-linux-android-gcc: error: unrecognized command line option '-qversion'
aarch64-linux-android-gcc: fatal error: no input files
compilation terminated.
configure:3182: $? = 1
configure:3202: checking whether the C compiler works
configure:3224: /opt/androidcc64/bin/aarch64-linux-android-gcc    conftest.c  >&5
configure:3228: $? = 0
configure:3276: result: yes
configure:3279: checking for C compiler default output file name
configure:3281: result: a.out
configure:3287: checking for suffix of executables
configure:3294: /opt/androidcc64/bin/aarch64-linux-android-gcc -o conftest    conftest.c  >&5
configure:3298: $? = 0
configure:3320: result: 
configure:3342: checking whether we are cross compiling
configure:3350: /opt/androidcc64/bin/aarch64-linux-android-gcc -o conftest    conftest.c  >&5
configure:3354: $? = 0
configure:3361: ./conftest
./configure: line 3363: ./conftest: cannot execute binary file: Exec format error
configure:3365: $? = 126
configure:3380: result: yes
configure:3385: checking for suffix of object files
configure:3407: /opt/androidcc64/bin/aarch64-linux-android-gcc -c   conftest.c >&5
configure:3411: $? = 0
configure:3432: result: o
configure:3436: checking whether we are using the GNU C compiler
configure:3455: /opt/androidcc64/bin/aarch64-linux-android-gcc -c   conftest.c >&5
configure:3455: $? = 0
configure:3464: result: yes
configure:3473: checking whether /opt/androidcc64/bin/aarch64-linux-android-gcc accepts -g
configure:3493: /opt/androidcc64/bin/aarch64-linux-android-gcc -c -g  conftest.c >&5
configure:3493: $? = 0
configure:3534: result: yes
configure:3551: checking for /opt/androidcc64/bin/aarch64-linux-android-gcc option to accept ISO C89
configure:3614: /opt/androidcc64/bin/aarch64-linux-android-gcc  -c -g -O2  conftest.c >&5
configure:3614: $? = 0
configure:3627: result: none needed
configure:3652: checking whether /opt/androidcc64/bin/aarch64-linux-android-gcc understands -c and -o together
configure:3674: /opt/androidcc64/bin/aarch64-linux-android-gcc -c conftest.c -o conftest2.o
configure:3677: $? = 0
configure:3674: /opt/androidcc64/bin/aarch64-linux-android-gcc -c conftest.c -o conftest2.o
configure:3677: $? = 0
configure:3689: result: yes
configure:3717: checking for style of include used by make
configure:3745: result: GNU
configure:3771: checking dependency style of /opt/androidcc64/bin/aarch64-linux-android-gcc
configure:3882: result: gcc3
configure:3918: checking for gawk
configure:3945: result: gawk
configure:3959: checking for pow
configure:3959: /opt/androidcc64/bin/aarch64-linux-android-gcc -o conftest -g -O2   conftest.c  >&5
conftest.c:34:6: warning: conflicting types for built-in function 'pow'
 char pow ();
      ^
/tmp/ccqB7lwi.o: In function `main':
/home/luca/Studio/ExpressionEval/librexpreval_tests/conftest.c:45: undefined reference to `pow'
collect2: error: ld returned 1 exit status
configure:3959: $? = 1
configure: failed program was:
| /* confdefs.h */
| #define PACKAGE_NAME "libexpreval"
| #define PACKAGE_TARNAME "libexpreval"
| #define PACKAGE_VERSION "version-0.1"
| #define PACKAGE_STRING "libexpreval version-0.1"
| #define PACKAGE_BUGREPORT ""
| #define PACKAGE_URL ""
| #define PACKAGE "libexpreval"
| #define VERSION "version-0.1"
| /* end confdefs.h.  */
| /* Define pow to an innocuous variant, in case <limits.h> declares pow.
|    For example, HP-UX 11i <limits.h> declares gettimeofday.  */
| #define pow innocuous_pow
| 
| /* System header to define __stub macros and hopefully few prototypes,
|     which can conflict with char pow (); below.
|     Prefer <limits.h> to <assert.h> if __STDC__ is defined, since
|     <limits.h> exists even on freestanding compilers.  */
| 
| #ifdef __STDC__
| # include <limits.h>
| #else
| # include <assert.h>
| #endif
| 
| #undef pow
| 
| /* Override any GCC internal prototype to avoid an error.
|    Use char because int might match the return type of a GCC
|    builtin and then its argument prototype would still apply.  */
| #ifdef __cplusplus
| extern "C"
| #endif
| char pow ();
| /* The GNU C library defines this for functions which it implements
|     to always fail with ENOSYS.  Some functions are actually named
|     something starting with __ and the normal name is an alias.  */
| #if defined __stub_pow || defined __stub___pow
| choke me
| #endif
| 
| int
| main ()
| {
| return pow ();
|   ;
|   return 0;
| }
configure:3959: result: no
configure:3970: checking for sqrt
configure:3970: /opt/androidcc64/bin/aarch64-linux-android-gcc -o conftest -g -O2   conftest.c  >&5
conftest.c:34:6: warning: conflicting types for built-in function 'sqrt'
 char sqrt ();
      ^
/tmp/ccEWYdyj.o: In function `main':
/home/luca/Studio/ExpressionEval/librexpreval_tests/conftest.c:45: undefined reference to `sqrt'
collect2: error: ld returned 1 exit status
configure:3970: $? = 1
configure: failed program was:
| /* confdefs.h */
| #define PACKAGE_NAME "libexpreval"
| #define PACKAGE_TARNAME "libexpreval"
| #define PACKAGE_VERSION "version-0.1"
| #define PACKAGE_STRING "libexpreval version-0.1"
| #define PACKAGE_BUGREPORT ""
| #define PACKAGE_URL ""
| #define PACKAGE "libexpreval"
| #define VERSION "version-0.1"
| /* end confdefs.h.  */
| /* Define sqrt to an innocuous variant, in case <limits.h> declares sqrt.
|    For example, HP-UX 11i <limits.h> declares gettimeofday.  */
| #define sqrt innocuous_sqrt
| 
| /* System header to define __stub macros and hopefully few prototypes,
|     which can conflict with char sqrt (); below.
|     Prefer <limits.h> to <assert.h> if __STDC__ is defined, since
|     <limits.h> exists even on freestanding compilers.  */
| 
| #ifdef __STDC__
| # include <limits.h>
| #else
| # include <assert.h>
| #endif
| 
| #undef sqrt
| 
| /* Override any GCC internal prototype to avoid an error.
|    Use char because int might match the return type of a GCC
|    builtin and then its argument prototype would still apply.  */
| #ifdef __cplusplus
| extern "C"
| #endif
| char sqrt ();
| /* The GNU C library defines this for functions which it implements
|     to always fail with ENOSYS.  Some functions are actually named
|     something starting with __ and the normal name is an alias.  */
| #if defined __stub_sqrt || defined __stub___sqrt
| choke me
| #endif
| 
| int
| main ()
| {
| return sqrt ();
|   ;
|   return 0;
| }
configure:3970: result: no
configure:3981: checking for strdup
configure:3981: /opt/androidcc64/bin/aarch64-linux-android-gcc -o conftest -g -O2   conftest.c  >&5
conftest.c:34:6: warning: conflicting types for built-in function 'strdup'
 char strdup ();
      ^
configure:3981: $? = 0
configure:3981: result: yes
configure:3992: checking for strndup
configure:3992: /opt/androidcc64/bin/aarch64-linux-android-gcc -o conftest -g -O2   conftest.c  >&5
conftest.c:35:6: warning: conflicting types for built-in function 'strndup'
 char strndup ();
      ^
configure:3992: $? = 0
configure:3992: result: yes
configure:4006: checking how to run the C preprocessor
configure:4037: /opt/androidcc64/bin/aarch64-linux-android-gcc -E  conftest.c
configure:4037: $? = 0
configure:4051: /opt/androidcc64/bin/aarch64-linux-android-gcc -E  conftest.c
conftest.c:13:28: fatal error: ac_nonexistent.h: No such file or directory
 #include <ac_nonexistent.h>
                            ^
compilation terminated.
configure:4051: $? = 1
configure: failed program was:
| /* confdefs.h */
| #define PACKAGE_NAME "libexpreval"
| #define PACKAGE_TARNAME "libexpreval"
| #define PACKAGE_VERSION "version-0.1"
| #define PACKAGE_STRING "libexpreval version-0.1"
| #define PACKAGE_BUGREPORT ""
| #define PACKAGE_URL ""
| #define PACKAGE "libexpreval"
| #define VERSION "version-0.1"
| #define HAVE_STRDUP 1
| #define HAVE_STRNDUP 1
| /* end confdefs.h.  */
| #include <ac_nonexistent.h>
configure:4076: result: /opt/androidcc64/bin/aarch64-linux-android-gcc -E
configure:4096: /opt/androidcc64/bin/aarch64-linux-android-gcc -E  conftest.c
configure:4096: $? = 0
configure:4110: /opt/androidcc64/bin/aarch64-linux-android-gcc -E  conftest.c
conftest.c:13:28: fatal error: ac_nonexistent.h: No such file or directory
 #include <ac_nonexistent.h>
                            ^
compilation terminated.
configure:4110: $? = 1
configure: failed program was:
| /* confdefs.h */
| #define PACKAGE_NAME "libexpreval"
| #define PACKAGE_TARNAME "libexpreval"
| #define PACKAGE_VERSION "version-0.1"
| #define PACKAGE_STRING "libexpreval version-0.1"
| #define PACKAGE_BUGREPORT ""
| #define PACKAGE_URL ""
| #define PACKAGE "libexpreval"
| #define VERSION "version-0.1"
| #define HAVE_STRDUP 1
| #define HAVE_STRNDUP 1
| /* end confdefs.h.  */
| #include <ac_nonexistent.h>
configure:4139: checking for grep that handles long lines and -e
configure:4197: result: /usr/bin/grep
configure:4202: checking for egrep
configure:4264: result: /usr/bin/grep -E
configure:4269: checking for ANSI C header files
configure:4289: /opt/androidcc64/bin/aarch64-linux-android-gcc -c -g -O2  conftest.c >&5
configure:4289: $? = 0
configure:4373: result: yes
configure:4386: checking for sys/types.h
configure:4386: /opt/androidcc64/bin/aarch64-linux-android-gcc -c -g -O2  conftest.c >&5
configure:4386: $? = 0
configure:4386: result: yes
configure:4386: checking for sys/stat.h
configure:4386: /opt/androidcc64/bin/aarch64-linux-android-gcc -c -g -O2  conftest.c >&5
configure:4386: $? = 0
configure:4386: result: yes
configure:4386: checking for stdlib.h
configure:4386: /opt/androidcc64/bin/aarch64-linux-android-gcc -c -g -O2  conftest.c >&5
configure:4386: $? = 0
configure:4386: result: yes
configure:4386: checking for string.h
configure:4386: /opt/androidcc64/bin/aarch64-linux-android-gcc -c -g -O2  conftest.c >&5
configure:4386: $? = 0
configure:4386: result: yes
configure:4386: checking for memory.h
configure:4386: /opt/androidcc64/bin/aarch64-linux-android-gcc -c -g -O2  conftest.c >&5
configure:4386: $? = 0
configure:4386: result: yes
configure:4386: checking for strings.h
configure:4386: /opt/androidcc64/bin/aarch64-linux-android-gcc -c -g -O2  conftest.c >&5
configure:4386: $? = 0
configure:4386: result: yes
configure:4386: checking for inttypes.h
configure:4386: /opt/androidcc64/bin/aarch64-linux-android-gcc -c -g -O2  conftest.c >&5
configure:4386: $? = 0
configure:4386: result: yes
configure:4386: checking for stdint.h
configure:4386: /opt/androidcc64/bin/aarch64-linux-android-gcc -c -g -O2  conftest.c >&5
configure:4386: $? = 0
configure:4386: result: yes
configure:4386: checking for unistd.h
configure:4386: /opt/androidcc64/bin/aarch64-linux-android-gcc -c -g -O2  conftest.c >&5
configure:4386: $? = 0
configure:4386: result: yes
configure:4400: checking malloc.h usability
configure:4400: /opt/androidcc64/bin/aarch64-linux-android-gcc -c -g -O2  conftest.c >&5
configure:4400: $? = 0
configure:4400: result: yes
configure:4400: checking malloc.h presence
configure:4400: /opt/androidcc64/bin/aarch64-linux-android-gcc -E  conftest.c
configure:4400: $? = 0
configure:4400: result: yes
configure:4400: checking for malloc.h
configure:4400: result: yes
configure:4412: checking sys/time.h usability
configure:4412: /opt/androidcc64/bin/aarch64-linux-android-gcc -c -g -O2  conftest.c >&5
configure:4412: $? = 0
configure:4412: result: yes
configure:4412: checking sys/time.h presence
configure:4412: /opt/androidcc64/bin/aarch64-linux-android-gcc -E  conftest.c
configure:4412: $? = 0
configure:4412: result: yes
configure:4412: checking for sys/time.h
configure:4412: result: yes
configure:4424: checking for library containing pow
configure:4455: /opt/androidcc64/bin/aarch64-linux-android-gcc -o conftest -g -O2   conftest.c  >&5
conftest.c:32:6: warning: conflicting types for built-in function 'pow'
 char pow ();
      ^
/tmp/ccAtxpB0.o: In function `main':
/home/luca/Studio/ExpressionEval/librexpreval_tests/conftest.c:36: undefined reference to `pow'
collect2: error: ld returned 1 exit status
configure:4455: $? = 1
configure: failed program was:
| /* confdefs.h */
| #define PACKAGE_NAME "libexpreval"
| #define PACKAGE_TARNAME "libexpreval"
| #define PACKAGE_VERSION "version-0.1"
| #define PACKAGE_STRING "libexpreval version-0.1"
| #define PACKAGE_BUGREPORT ""
| #define PACKAGE_URL ""
| #define PACKAGE "libexpreval"
| #define VERSION "version-0.1"
| #define HAVE_STRDUP 1
| #define HAVE_STRNDUP 1
| #define STDC_HEADERS 1
| #define HAVE_SYS_TYPES_H 1
| #define HAVE_SYS_STAT_H 1
| #define HAVE_STDLIB_H 1
| #define HAVE_STRING_H 1
| #define HAVE_MEMORY_H 1
| #define HAVE_STRINGS_H 1
| #define HAVE_INTTYPES_H 1
| #define HAVE_STDINT_H 1
| #define HAVE_UNISTD_H 1
| #define HAVE_MALLOC_H 1
| #define HAVE_SYS_TIME_H 1
| /* end confdefs.h.  */
| 
| /* Override any GCC internal prototype to avoid an error.
|    Use char because int might match the return type of a GCC
|    builtin and then its argument prototype would still apply.  */
| #ifdef __cplusplus
| extern "C"
| #endif
| char pow ();
| int
| main ()
| {
| return pow ();
|   ;
|   return 0;
| }
configure:4455: /opt/androidcc64/bin/aarch64-linux-android-gcc -o conftest -g -O2   conftest.c -lm   >&5
conftest.c:32:6: warning: conflicting types for built-in function 'pow'
 char pow ();
      ^
configure:4455: $? = 0
configure:4472: result: -lm
configure:4519: error: Architecture aarch64 is not supported

## ---------------- ##
## Cache variables. ##
## ---------------- ##

ac_cv_c_compiler_gnu=yes
ac_cv_env_CC_set=set
ac_cv_env_CC_value=/opt/androidcc64/bin/aarch64-linux-android-gcc
ac_cv_env_CFLAGS_set=
ac_cv_env_CFLAGS_value=
ac_cv_env_CPPFLAGS_set=
ac_cv_env_CPPFLAGS_value=
ac_cv_env_CPP_set=
ac_cv_env_CPP_value=
ac_cv_env_LDFLAGS_set=
ac_cv_env_LDFLAGS_value=
ac_cv_env_LIBS_set=
ac_cv_env_LIBS_value=
ac_cv_env_build_alias_set=
ac_cv_env_build_alias_value=
ac_cv_env_host_alias_set=set
ac_cv_env_host_alias_value=aarch64-linux-android
ac_cv_env_target_alias_set=
ac_cv_env_target_alias_value=
ac_cv_func_pow=no
ac_cv_func_sqrt=no
ac_cv_func_strdup=yes
ac_cv_func_strndup=yes
ac_cv_header_inttypes_h=yes
ac_cv_header_malloc_h=yes
ac_cv_header_memory_h=yes
ac_cv_header_stdc=yes
ac_cv_header_stdint_h=yes
ac_cv_header_stdlib_h=yes
ac_cv_header_string_h=yes
ac_cv_header_strings_h=yes
ac_cv_header_sys_stat_h=yes
ac_cv_header_sys_time_h=yes
ac_cv_header_sys_types_h=yes
ac_cv_header_unistd_h=yes
ac_cv_objext=o
ac_cv_path_EGREP='/usr/bin/grep -E'
ac_cv_path_GREP=/usr/bin/grep
ac_cv_path_install='/usr/bin/install -c'
ac_cv_path_mkdir=/usr/bin/mkdir
ac_cv_prog_AWK=gawk
ac_cv_prog_CC=/opt/androidcc64/bin/aarch64-linux-android-gcc
ac_cv_prog_CPP='/opt/androidcc64/bin/aarch64-linux-android-gcc -E'
ac_cv_prog_ac_ct_RANLIB=ranlib
ac_cv_prog_ac_ct_STRIP=strip
ac_cv_prog_cc_c89=
ac_cv_prog_cc_g=yes
ac_cv_prog_make_make_set=yes
ac_cv_search_pow=-lm
am_cv_CC_dependencies_compiler_type=gcc3
am_cv_make_support_nested_variables=yes
am_cv_prog_cc_c_o=yes

## ----------------- ##
## Output variables. ##
## ----------------- ##

ACLOCAL='${SHELL} /home/luca/Studio/ExpressionEval/librexpreval_tests/missing aclocal-1.15'
AMDEPBACKSLASH='\'
AMDEP_FALSE='#'
AMDEP_TRUE=''
AMTAR='$${TAR-tar}'
AM_BACKSLASH='\'
AM_DEFAULT_V='$(AM_DEFAULT_VERBOSITY)'
AM_DEFAULT_VERBOSITY='1'
AM_V='$(V)'
ARCH='aarch64'
ARCH_i686_FALSE=''
ARCH_i686_TRUE=''
ARCH_x86_64_FALSE=''
ARCH_x86_64_TRUE=''
AS=''
AUTOCONF='${SHELL} /home/luca/Studio/ExpressionEval/librexpreval_tests/missing autoconf'
AUTOHEADER='${SHELL} /home/luca/Studio/ExpressionEval/librexpreval_tests/missing autoheader'
AUTOMAKE='${SHELL} /home/luca/Studio/ExpressionEval/librexpreval_tests/missing automake-1.15'
AWK='gawk'
CC='/opt/androidcc64/bin/aarch64-linux-android-gcc'
CCDEPMODE='depmode=gcc3'
CFLAGS='-g -O2'
CPP='/opt/androidcc64/bin/aarch64-linux-android-gcc -E'
CPPFLAGS=''
CYGPATH_W='echo'
DEFS=''
DEPDIR='.deps'
ECHO_C=''
ECHO_N='-n'
ECHO_T=''
EGREP='/usr/bin/grep -E'
EXEEXT=''
GREP='/usr/bin/grep'
HAVE_NASM=''
INSTALL_DATA='${INSTALL} -m 644'
INSTALL_PROGRAM='${INSTALL}'
INSTALL_SCRIPT='${INSTALL}'
INSTALL_STRIP_PROGRAM='$(install_sh) -c -s'
LDFLAGS=''
LIBOBJS=''
LIBS='-lm '
LTLIBOBJS=''
MAKEINFO='${SHELL} /home/luca/Studio/ExpressionEval/librexpreval_tests/missing makeinfo'
MAKE_SHARED_LIBRARY_FALSE=''
MAKE_SHARED_LIBRARY_TRUE='#'
MKDIR_P='/usr/bin/mkdir -p'
OBJEXT='o'
OS='linux'
PACKAGE='libexpreval'
PACKAGE_BUGREPORT=''
PACKAGE_NAME='libexpreval'
PACKAGE_STRING='libexpreval version-0.1'
PACKAGE_TARNAME='libexpreval'
PACKAGE_URL=''
PACKAGE_VERSION='version-0.1'
PATH_SEPARATOR=':'
RANLIB='ranlib'
SET_MAKE=''
SHARED_EXTENSION='so'
SHELL='/bin/sh'
STRIP='strip'
VERSION='version-0.1'
ac_ct_CC=''
am__EXEEXT_FALSE=''
am__EXEEXT_TRUE=''
am__fastdepCC_FALSE='#'
am__fastdepCC_TRUE=''
am__include='include'
am__isrc=''
am__leading_dot='.'
am__nodep='_no'
am__quote=''
am__tar='$${TAR-tar} chof - "$$tardir"'
am__untar='$${TAR-tar} xf -'
bindir='${exec_prefix}/bin'
build_alias=''
datadir='${datarootdir}'
datarootdir='${prefix}/share'
docdir='${datarootdir}/doc/${PACKAGE_TARNAME}'
dvidir='${docdir}'
exec_prefix='NONE'
host_alias='aarch64-linux-android'
htmldir='${docdir}'
includedir='${prefix}/include'
infodir='${datarootdir}/info'
install_sh='${SHELL} /home/luca/Studio/ExpressionEval/librexpreval_tests/install-sh'
libdir='${exec_prefix}/lib'
libexecdir='${exec_prefix}/libexec'
localedir='${datarootdir}/locale'
localstatedir='${prefix}/var'
mandir='${datarootdir}/man'
mkdir_p='$(MKDIR_P)'
oldincludedir='/usr/include'
pdfdir='${docdir}'
prefix='NONE'
program_transform_name='s,x,x,'
psdir='${docdir}'
sbindir='${exec_prefix}/sbin'
sharedstatedir='${prefix}/com'
sysconfdir='${prefix}/etc'
target_alias=''

## ----------- ##
## confdefs.h. ##
## ----------- ##

/* confdefs.h */
#define PACKAGE_NAME "libexpreval"
#define PACKAGE_TARNAME "libexpreval"
#define PACKAGE_VERSION "version-0.1"
#define PACKAGE_STRING "libexpreval version-0.1"
#define PACKAGE_BUGREPORT ""
#define PACKAGE_URL ""
#define PACKAGE "libexpreval"
#define VERSION "version-0.1"
#define HAVE_STRDUP 1
#define HAVE_STRNDUP 1
#define STDC_HEADERS 1
#define HAVE_SYS_TYPES_H 1
#define HAVE_SYS_STAT_H 1
#define HAVE_STDLIB_H 1
#define HAVE_STRING_H 1
#define HAVE_MEMORY_H 1
#define HAVE_STRINGS_H 1
#define HAVE_INTTYPES_H 1
#define HAVE_STDINT_H 1
#define HAVE_UNISTD_H 1
#define HAVE_MALLOC_H 1
#define HAVE_SYS_TIME_H 1

configure: exit 1
